#
# A fatal error has been detected by the Java Runtime Environment:
#
#  SIGSEGV (0xb) at pc=0x00007f7b225c7a91, pid=6932, tid=0x00007f7ae9576700
#
# JRE version: Java(TM) SE Runtime Environment (8.0_201-b09) (build 1.8.0_201-b09)
# Java VM: Java HotSpot(TM) 64-Bit Server VM (25.201-b09 mixed mode linux-amd64 compressed oops)
# Problematic frame:
# V  [libjvm.so+0x6c2a91]  jni_GetLongField+0x41
#
# Failed to write core dump. Core dumps have been disabled. To enable core dumping, try "ulimit -c unlimited" before starting Java again
#
# If you would like to submit a bug report, please visit:
#   http://bugreport.java.com/bugreport/crash.jsp
#

---------------  T H R E A D  ---------------

Current thread (0x00007f7b1c252800):  JavaThread "AWT-XAWT" daemon [_thread_in_vm, id=7026, stack(0x00007f7ae9476000,0x00007f7ae9577000)]

siginfo: si_signo: 11 (SIGSEGV), si_code: 1 (SEGV_MAPERR), si_addr: 0x0000000000000000

Registers:
RAX=0x0000000000000000, RBX=0x00007f7b1c252800, RCX=0x0000000000000001, RDX=0x00007f7b22ec23e9
RSP=0x00007f7ae95757f0, RBP=0x00007f7ae9575810, RSI=0x0000000000000000, RDI=0x00007f7b1c252800
R8 =0x00007f7aeadc4ab0, R9 =0x00000000ec1a7918, R10=0x00007f7b0ccf5ec4, R11=0x00007f7b0ccf5e98
R12=0x0000000000000000, R13=0x0000000000000000, R14=0x0000000000000042, R15=0x00007f7b1c252800
RIP=0x00007f7b225c7a91, EFLAGS=0x0000000000010206, CSGSFS=0x002b000000000033, ERR=0x0000000000000004
  TRAPNO=0x000000000000000e

Top of Stack: (sp=0x00007f7ae95757f0)
0x00007f7ae95757f0:   00007f7b1c2529f8 0000000000000000
0x00007f7ae9575800:   0000000000000000 00007f7aeb508b00
0x00007f7ae9575810:   00007f7ae9575840 00007f7aeb2e6f24
0x00007f7ae9575820:   00007f7af9ba5028 0000000000000000
0x00007f7ae9575830:   00007f7ae95758f0 00007f7ae95758c0
0x00007f7ae9575840:   00007f7aac0c2fd0 00007f7aeadccc4d
0x00007f7ae9575850:   00007f7af9ba5028 00007f7ae9575880
0x00007f7ae9575860:   0000000000000000 00007f7aeadc4ad3
0x00007f7ae9575870:   00007f7ae95758f0 00007f7aeb2df2af
0x00007f7ae9575880:   00007f7ae95758d0 00007f7b0ccf5f36
0x00007f7ae9575890:   0000000000000000 00007f7b0cb45676
0x00007f7ae95758a0:   00007f7ae95758f0 00000000ec1a7ca8
0x00007f7ae95758b0:   0000000000800003 00000000ec1a7ca8
0x00007f7ae95758c0:   00000000ec1a8a08 0000000000000001
0x00007f7ae95758d0:   00007f7ae9575950 00007f7b0c9bfb30
0x00007f7ae95758e0:   00007f7ae9575950 00007f7b0c9bfb30
0x00007f7ae95758f0:   0000000000000000 00007f7b0c9bfe70
0x00007f7ae9575900:   00007f7ab8003740 00000000ec21a750
0x00007f7ae9575910:   00007f7ae9575910 00007f7af9b50c4c
0x00007f7ae9575920:   00007f7ae9575998 00007f7af9b691b8
0x00007f7ae9575930:   0000000000000000 00007f7af9b50d88
0x00007f7ae9575940:   00007f7ae95758f0 00007f7ae9575990
0x00007f7ae9575950:   00007f7ae95759e0 00007f7b0c9c035d
0x00007f7ae9575960:   0000000000000000 00000000ecaf8ce0
0x00007f7ae9575970:   0000000000000000 0000000000000000
0x00007f7ae9575980:   0000000000000000 00000000ec21a750
0x00007f7ae9575990:   0000000000000000 00000000ec1df948
0x00007f7ae95759a0:   00007f7ae95759a0 00007f7af9b50a8d
0x00007f7ae95759b0:   00007f7ae95759f0 00007f7af9b691b8
0x00007f7ae95759c0:   0000000000000000 00007f7af9b50a98
0x00007f7ae95759d0:   00007f7ae9575990 00007f7ae95759f0
0x00007f7ae95759e0:   00007f7ae9575a38 00007f7b0c9c03a2 

Instructions: (pc=0x00007f7b225c7a91)
0x00007f7b225c7a71:   00 00 74 0d 8b 83 88 02 00 00 3d ac de 00 00 75
0x00007f7b225c7a81:   7e 48 89 df e8 d6 f7 ff ff 48 8d 15 58 a9 8f 00
0x00007f7b225c7a91:   49 8b 45 00 80 3a 00 74 5e 48 8d 35 ff 62 8d 00
0x00007f7b225c7aa1:   8b 50 08 8b 4e 08 48 d3 e2 48 8b 0e 48 01 d1 48 

Register to memory mapping:

RAX=0x0000000000000000 is an unknown value
RBX=0x00007f7b1c252800 is a thread
RCX=0x0000000000000001 is an unknown value
RDX=0x00007f7b22ec23e9: <offset 0xfbd3e9> in /usr/lib/jvm/java-8-oracle/jre/lib/amd64/server/libjvm.so at 0x00007f7b21f05000
RSP=0x00007f7ae95757f0 is pointing into the stack for thread: 0x00007f7b1c252800
RBP=0x00007f7ae9575810 is pointing into the stack for thread: 0x00007f7b1c252800
RSI=0x0000000000000000 is an unknown value
RDI=0x00007f7b1c252800 is a thread
R8 =0x00007f7aeadc4ab0: <offset 0x5cab0> in /usr/lib/x86_64-linux-gnu/libX11.so.6 at 0x00007f7aead68000
R9 =0x00000000ec1a7918 is an oop
sun.util.logging.PlatformLogger$DefaultLoggerProxy 
 - klass: 'sun/util/logging/PlatformLogger$DefaultLoggerProxy'
R10=0x00007f7b0ccf5ec4 is at entry_point+68 in (nmethod*)0x00007f7b0ccf5d10
R11=0x00007f7b0ccf5e98 is at entry_point+24 in (nmethod*)0x00007f7b0ccf5d10
R12=0x0000000000000000 is an unknown value
R13=0x0000000000000000 is an unknown value
R14=0x0000000000000042 is an unknown value
R15=0x00007f7b1c252800 is a thread


Stack: [0x00007f7ae9476000,0x00007f7ae9577000],  sp=0x00007f7ae95757f0,  free space=1021k
Native frames: (J=compiled Java code, j=interpreted, Vv=VM code, C=native code)
V  [libjvm.so+0x6c2a91]  jni_GetLongField+0x41
C  [libawt_xawt.so+0x34f24]  getX11InputMethodData+0x24
C  [libX11.so.6+0x64c4d]  _XimServerDestroy+0x3d

Java frames: (J=compiled Java code, j=interpreted, Vv=VM code)
J 1038  sun.awt.X11.XlibWrapper.XFilterEvent(JJ)Z (0 bytes) @ 0x00007f7b0ccf5ec4 [0x00007f7b0ccf5e80+0x44]
j  sun.awt.X11.XToolkit.run(Z)V+300
j  sun.awt.X11.XToolkit.run()V+5
j  java.lang.Thread.run()V+11
v  ~StubRoutines::call_stub

---------------  P R O C E S S  ---------------

Java Threads: ( => current thread )
  0x00007f7ab425c000 JavaThread "main" [_thread_blocked, id=8658, stack(0x00007f7ae9173000,0x00007f7ae9274000)]
  0x00007f7aac0cd800 JavaThread "TimerQueue" daemon [_thread_blocked, id=8645, stack(0x00007f7ae85c0000,0x00007f7ae86c1000)]
  0x00007f7b1c00f000 JavaThread "DestroyJavaVM" [_thread_blocked, id=6934, stack(0x00007f7b23a26000,0x00007f7b23b26000)]
  0x00007f7b1c257000 JavaThread "BlueJ worker thread" [_thread_blocked, id=7028, stack(0x00007f7ae9274000,0x00007f7ae9375000)]
=>0x00007f7b1c252800 JavaThread "AWT-XAWT" daemon [_thread_in_vm, id=7026, stack(0x00007f7ae9476000,0x00007f7ae9577000)]
  0x00007f7b1c234000 JavaThread "Java2D Disposer" daemon [_thread_blocked, id=7023, stack(0x00007f7ae9987000,0x00007f7ae9a88000)]
  0x00007f7b1c0dd000 JavaThread "Service Thread" daemon [_thread_blocked, id=6965, stack(0x00007f7aeb8f9000,0x00007f7aeb9fa000)]
  0x00007f7b1c0d1800 JavaThread "C1 CompilerThread2" daemon [_thread_blocked, id=6955, stack(0x00007f7aeb9fb000,0x00007f7aebafb000)]
  0x00007f7b1c0cf800 JavaThread "C2 CompilerThread1" daemon [_thread_blocked, id=6954, stack(0x00007f7aebafc000,0x00007f7aebbfc000)]
  0x00007f7b1c0cc800 JavaThread "C2 CompilerThread0" daemon [_thread_blocked, id=6952, stack(0x00007f7aebbfd000,0x00007f7aebcfd000)]
  0x00007f7ae0001000 JavaThread "JDWP Command Reader" daemon [_thread_in_native, id=6945, stack(0x00007f7aebcfd000,0x00007f7aebdfe000)]
  0x00007f7b1c0ca800 JavaThread "JDWP Event Helper Thread" daemon [_thread_blocked, id=6944, stack(0x00007f7aebdfe000,0x00007f7aebeff000)]
  0x00007f7b1c0c7000 JavaThread "JDWP Transport Listener: dt_socket" daemon [_thread_blocked, id=6943, stack(0x00007f7aebeff000,0x00007f7aec000000)]
  0x00007f7b1c0bb000 JavaThread "Signal Dispatcher" daemon [_thread_blocked, id=6942, stack(0x00007f7af820a000,0x00007f7af830b000)]
  0x00007f7b1c089000 JavaThread "Finalizer" daemon [_thread_blocked, id=6941, stack(0x00007f7af830b000,0x00007f7af840c000)]
  0x00007f7b1c086800 JavaThread "Reference Handler" daemon [_thread_blocked, id=6940, stack(0x00007f7af840c000,0x00007f7af850d000)]

Other Threads:
  0x00007f7b1c07d000 VMThread [stack: 0x00007f7af850e000,0x00007f7af860e000] [id=6939]
  0x00007f7b1c0df800 WatcherThread [stack: 0x00007f7aeb7f9000,0x00007f7aeb8f9000] [id=6968]

VM state:not at safepoint (normal execution)

VM Mutex/Monitor currently owned by a thread: None

heap address: 0x00000000c3c00000, size: 964 MB, Compressed Oops mode: 32-bit
Narrow klass base: 0x0000000000000000, Narrow klass shift: 3
Compressed class space size: 1073741824 Address: 0x0000000100000000

Heap:
 PSYoungGen      total 18432K, used 14786K [0x00000000ebf00000, 0x00000000ed380000, 0x0000000100000000)
  eden space 15872K, 93% used [0x00000000ebf00000,0x00000000ecd709c8,0x00000000ece80000)
  from space 2560K, 0% used [0x00000000ed100000,0x00000000ed100000,0x00000000ed380000)
  to   space 2560K, 0% used [0x00000000ece80000,0x00000000ece80000,0x00000000ed100000)
 ParOldGen       total 42496K, used 0K [0x00000000c3c00000, 0x00000000c6580000, 0x00000000ebf00000)
  object space 42496K, 0% used [0x00000000c3c00000,0x00000000c3c00000,0x00000000c6580000)
 Metaspace       used 14895K, capacity 15166K, committed 15232K, reserved 1062912K
  class space    used 1818K, capacity 1916K, committed 1920K, reserved 1048576K

Card table byte_map: [0x00007f7b0c415000,0x00007f7b0c5f8000] byte_map_base: 0x00007f7b0bdf7000

Marking Bits: (ParMarkBitMap*) 0x00007f7b22ed0d80
 Begin Bits: [0x00007f7afa1e0000, 0x00007f7afb0f0000)
 End Bits:   [0x00007f7afb0f0000, 0x00007f7afc000000)

Polling page: 0x00007f7b23b40000

CodeCache: size=245760Kb used=4469Kb max_used=4480Kb free=241291Kb
 bounds [0x00007f7b0c9b8000, 0x00007f7b0ce28000, 0x00007f7b1b9b8000]
 total_blobs=1833 nmethods=1274 adapters=480
 compilation: enabled

Compilation events (10 events):
Event: 1343,331 Thread 0x00007f7b1c0d1800 1303       3       java.util.Vector$Itr::checkForComodification (23 bytes)
Event: 1343,331 Thread 0x00007f7b1c0d1800 nmethod 1303 0x00007f7b0ce15d90 code [0x00007f7b0ce15f20, 0x00007f7b0ce16148]
Event: 1498,927 Thread 0x00007f7b1c0d1800 1304       3       java.util.Arrays::copyOf (13 bytes)
Event: 1498,928 Thread 0x00007f7b1c0d1800 nmethod 1304 0x00007f7b0ce16250 code [0x00007f7b0ce163c0, 0x00007f7b0ce165e8]
Event: 1679,306 Thread 0x00007f7b1c0d1800 1305       3       java.lang.Long::longValue (5 bytes)
Event: 1679,307 Thread 0x00007f7b1c0d1800 nmethod 1305 0x00007f7b0ce166d0 code [0x00007f7b0ce16820, 0x00007f7b0ce16970]
Event: 1696,877 Thread 0x00007f7b1c0cf800 1306       4       java.lang.Long::valueOf (36 bytes)
Event: 1696,879 Thread 0x00007f7b1c0cf800 nmethod 1306 0x00007f7b0ce19710 code [0x00007f7b0ce19860, 0x00007f7b0ce19998]
Event: 1804,573 Thread 0x00007f7b1c0cc800 1307   !   4       sun.awt.X11.XToolkit::callTimeoutTasks (220 bytes)
Event: 1804,578 Thread 0x00007f7b1c0cc800 nmethod 1307 0x00007f7b0ce17bd0 code [0x00007f7b0ce17d40, 0x00007f7b0ce17ef8]

GC Heap History (0 events):
No events

Deoptimization events (5 events):
Event: 1260,470 Thread 0x00007f7ab414f000 Uncommon trap: reason=unstable_if action=reinterpret pc=0x00007f7b0cbe5f7c method=java.lang.AbstractStringBuilder.append(Ljava/lang/String;)Ljava/lang/AbstractStringBuilder; @ 1
Event: 1260,567 Thread 0x00007f7ab414f000 Uncommon trap: reason=class_check action=maybe_recompile pc=0x00007f7b0cb25350 method=java.lang.String.equals(Ljava/lang/Object;)Z @ 8
Event: 1260,574 Thread 0x00007f7ab414f000 Uncommon trap: reason=class_check action=maybe_recompile pc=0x00007f7b0cb25350 method=java.lang.String.equals(Ljava/lang/Object;)Z @ 8
Event: 1260,574 Thread 0x00007f7ab414f000 Uncommon trap: reason=class_check action=maybe_recompile pc=0x00007f7b0cb25350 method=java.lang.String.equals(Ljava/lang/Object;)Z @ 8
Event: 1260,574 Thread 0x00007f7ab414f000 Uncommon trap: reason=class_check action=maybe_recompile pc=0x00007f7b0cb25350 method=java.lang.String.equals(Ljava/lang/Object;)Z @ 8

Classes redefined (0 events):
No events

Internal exceptions (10 events):
Event: 1,743 Thread 0x00007f7b1c00f000 Exception <a 'java/security/PrivilegedActionException'> (0x00000000ec045750) thrown at [/HUDSON/workspace/8-2-build-linux-amd64/jdk8u201/12317/hotspot/src/share/vm/prims/jvm.cpp, line 1502]
Event: 1,744 Thread 0x00007f7b1c00f000 Exception <a 'java/security/PrivilegedActionException'> (0x00000000ec047bb8) thrown at [/HUDSON/workspace/8-2-build-linux-amd64/jdk8u201/12317/hotspot/src/share/vm/prims/jvm.cpp, line 1502]
Event: 1,744 Thread 0x00007f7b1c00f000 Exception <a 'java/security/PrivilegedActionException'> (0x00000000ec047dc8) thrown at [/HUDSON/workspace/8-2-build-linux-amd64/jdk8u201/12317/hotspot/src/share/vm/prims/jvm.cpp, line 1502]
Event: 1,891 Thread 0x00007f7b1c00f000 Exception <a 'java/lang/NoSuchFieldError': method resolution failed> (0x00000000ec116778) thrown at [/HUDSON/workspace/8-2-build-linux-amd64/jdk8u201/12317/hotspot/src/share/vm/prims/methodHandles.cpp, line 1167]
Event: 1,901 Thread 0x00007f7b1c00f000 Exception <a 'java/lang/NoSuchFieldError': method resolution failed> (0x00000000ec123f78) thrown at [/HUDSON/workspace/8-2-build-linux-amd64/jdk8u201/12317/hotspot/src/share/vm/prims/methodHandles.cpp, line 1167]
Event: 2,049 Thread 0x00007f7b1c00f000 Exception <a 'java/io/FileNotFoundException'> (0x00000000ec1a2310) thrown at [/HUDSON/workspace/8-2-build-linux-amd64/jdk8u201/12317/hotspot/src/share/vm/prims/jni.cpp, line 709]
Event: 2,049 Thread 0x00007f7b1c00f000 Exception <a 'java/io/FileNotFoundException'> (0x00000000ec1a2cf0) thrown at [/HUDSON/workspace/8-2-build-linux-amd64/jdk8u201/12317/hotspot/src/share/vm/prims/jni.cpp, line 709]
Event: 1260,470 Thread 0x00007f7ab414f000 Implicit null exception at 0x00007f7b0cbe5a76 to 0x00007f7b0cbe5f65
Event: 1260,915 Thread 0x00007f7ab414f000 Exception <a 'java/lang/UnsupportedOperationException': > (0x00000000eca08f70) thrown at [/HUDSON/workspace/8-2-build-linux-amd64/jdk8u201/12317/hotspot/src/share/vm/prims/jni.cpp, line 735]
Event: 1266,326 Thread 0x00007f7ab414f000 Exception <a 'java/lang/UnsupportedOperationException': > (0x00000000ecb39010) thrown at [/HUDSON/workspace/8-2-build-linux-amd64/jdk8u201/12317/hotspot/src/share/vm/prims/jni.cpp, line 735]

Events (10 events):
Event: 1279,787 Executing VM operation: RevokeBias
Event: 1279,787 Executing VM operation: RevokeBias done
Event: 1279,787 loading class sun/awt/AppContext$PostShutdownEventRunnable
Event: 1279,787 loading class sun/awt/AppContext$PostShutdownEventRunnable done
Event: 1279,788 loading class sun/awt/AWTAutoShutdown$1
Event: 1279,788 loading class sun/awt/AWTAutoShutdown$1 done
Event: 1279,788 Executing VM operation: RevokeBias
Event: 1279,788 Executing VM operation: RevokeBias done
Event: 1279,789 Thread 0x00007f7ab414d800 Thread exited: 0x00007f7ab414d800
Event: 1279,789 Thread 0x00007f7ab414f000 Thread exited: 0x00007f7ab414f000


Dynamic libraries:
00400000-00401000 r-xp 00000000 08:01 4459173                            /usr/lib/jvm/java-8-oracle/jre/bin/java
00600000-00601000 r--p 00000000 08:01 4459173                            /usr/lib/jvm/java-8-oracle/jre/bin/java
00601000-00602000 rw-p 00001000 08:01 4459173                            /usr/lib/jvm/java-8-oracle/jre/bin/java
00da4000-00dc5000 rw-p 00000000 00:00 0                                  [heap]
c3c00000-c6580000 rw-p 00000000 00:00 0 
c6580000-ebf00000 ---p 00000000 00:00 0 
ebf00000-ed380000 rw-p 00000000 00:00 0 
ed380000-100000000 ---p 00000000 00:00 0 
100000000-1001e0000 rw-p 00000000 00:00 0 
1001e0000-140000000 ---p 00000000 00:00 0 
7f7a98000000-7f7a98021000 rw-p 00000000 00:00 0 
7f7a98021000-7f7a9c000000 ---p 00000000 00:00 0 
7f7a9c000000-7f7a9c021000 rw-p 00000000 00:00 0 
7f7a9c021000-7f7aa0000000 ---p 00000000 00:00 0 
7f7aa0000000-7f7aa0021000 rw-p 00000000 00:00 0 
7f7aa0021000-7f7aa4000000 ---p 00000000 00:00 0 
7f7aa4bf5000-7f7aa4cf5000 rw-p 00000000 00:00 0 
7f7aa4cf5000-7f7aa4df5000 ---p 00000000 00:00 0 
7f7aa4df5000-7f7aa4dfe000 r-xp 00000000 08:01 4459504                    /usr/lib/jvm/java-8-oracle/jre/lib/amd64/libmanagement.so
7f7aa4dfe000-7f7aa4ffd000 ---p 00009000 08:01 4459504                    /usr/lib/jvm/java-8-oracle/jre/lib/amd64/libmanagement.so
7f7aa4ffd000-7f7aa4ffe000 r--p 00008000 08:01 4459504                    /usr/lib/jvm/java-8-oracle/jre/lib/amd64/libmanagement.so
7f7aa4ffe000-7f7aa4fff000 rw-p 00009000 08:01 4459504                    /usr/lib/jvm/java-8-oracle/jre/lib/amd64/libmanagement.so
7f7aa4fff000-7f7aa8000000 rw-p 00000000 00:00 0 
7f7aa8000000-7f7aa8021000 rw-p 00000000 00:00 0 
7f7aa8021000-7f7aac000000 ---p 00000000 00:00 0 
7f7aac000000-7f7aac2a1000 rw-p 00000000 00:00 0 
7f7aac2a1000-7f7ab0000000 ---p 00000000 00:00 0 
7f7ab0000000-7f7ab0021000 rw-p 00000000 00:00 0 
7f7ab0021000-7f7ab4000000 ---p 00000000 00:00 0 
7f7ab4000000-7f7ab4322000 rw-p 00000000 00:00 0 
7f7ab4322000-7f7ab8000000 ---p 00000000 00:00 0 
7f7ab8000000-7f7ab82c9000 rw-p 00000000 00:00 0 
7f7ab82c9000-7f7abc000000 ---p 00000000 00:00 0 
7f7abc000000-7f7abc021000 rw-p 00000000 00:00 0 
7f7abc021000-7f7ac0000000 ---p 00000000 00:00 0 
7f7ac0000000-7f7ac0021000 rw-p 00000000 00:00 0 
7f7ac0021000-7f7ac4000000 ---p 00000000 00:00 0 
7f7ac4000000-7f7ac4021000 rw-p 00000000 00:00 0 
7f7ac4021000-7f7ac8000000 ---p 00000000 00:00 0 
7f7ac8000000-7f7ac881d000 rw-p 00000000 00:00 0 
7f7ac881d000-7f7acc000000 ---p 00000000 00:00 0 
7f7acc000000-7f7acc021000 rw-p 00000000 00:00 0 
7f7acc021000-7f7ad0000000 ---p 00000000 00:00 0 
7f7ad0000000-7f7ad0087000 rw-p 00000000 00:00 0 
7f7ad0087000-7f7ad4000000 ---p 00000000 00:00 0 
7f7ad4000000-7f7ad404a000 rw-p 00000000 00:00 0 
7f7ad404a000-7f7ad8000000 ---p 00000000 00:00 0 
7f7ad8000000-7f7ad8036000 rw-p 00000000 00:00 0 
7f7ad8036000-7f7adc000000 ---p 00000000 00:00 0 
7f7adc000000-7f7adc021000 rw-p 00000000 00:00 0 
7f7adc021000-7f7ae0000000 ---p 00000000 00:00 0 
7f7ae0000000-7f7ae0021000 rw-p 00000000 00:00 0 
7f7ae0021000-7f7ae4000000 ---p 00000000 00:00 0 
7f7ae4000000-7f7ae4021000 rw-p 00000000 00:00 0 
7f7ae4021000-7f7ae8000000 ---p 00000000 00:00 0 
7f7ae8128000-7f7ae81be000 r--s 0110e000 08:01 4459341                    /usr/lib/jvm/java-8-oracle/jre/lib/ext/jfxrt.jar
7f7ae81be000-7f7ae83be000 rw-p 00000000 00:00 0 
7f7ae83be000-7f7ae83c1000 ---p 00000000 00:00 0 
7f7ae83c1000-7f7ae84bf000 rw-p 00000000 00:00 0 
7f7ae84bf000-7f7ae84c2000 ---p 00000000 00:00 0 
7f7ae84c2000-7f7ae85c0000 rw-p 00000000 00:00 0 
7f7ae85c0000-7f7ae85c3000 ---p 00000000 00:00 0 
7f7ae85c3000-7f7ae86c1000 rw-p 00000000 00:00 0 
7f7ae86c1000-7f7ae872d000 r-xp 00000000 08:01 4459458                    /usr/lib/jvm/java-8-oracle/jre/lib/amd64/libt2k.so
7f7ae872d000-7f7ae892d000 ---p 0006c000 08:01 4459458                    /usr/lib/jvm/java-8-oracle/jre/lib/amd64/libt2k.so
7f7ae892d000-7f7ae8933000 r--p 0006c000 08:01 4459458                    /usr/lib/jvm/java-8-oracle/jre/lib/amd64/libt2k.so
7f7ae8933000-7f7ae8934000 rw-p 00072000 08:01 4459458                    /usr/lib/jvm/java-8-oracle/jre/lib/amd64/libt2k.so
7f7ae8934000-7f7ae8945000 r-xp 00000000 08:01 4459499                    /usr/lib/jvm/java-8-oracle/jre/lib/amd64/libnio.so
7f7ae8945000-7f7ae8b44000 ---p 00011000 08:01 4459499                    /usr/lib/jvm/java-8-oracle/jre/lib/amd64/libnio.so
7f7ae8b44000-7f7ae8b45000 r--p 00010000 08:01 4459499                    /usr/lib/jvm/java-8-oracle/jre/lib/amd64/libnio.so
7f7ae8b45000-7f7ae8b46000 rw-p 00011000 08:01 4459499                    /usr/lib/jvm/java-8-oracle/jre/lib/amd64/libnio.so
7f7ae8b46000-7f7ae8b5c000 r-xp 00000000 08:01 4459496                    /usr/lib/jvm/java-8-oracle/jre/lib/amd64/libnet.so
7f7ae8b5c000-7f7ae8d5c000 ---p 00016000 08:01 4459496                    /usr/lib/jvm/java-8-oracle/jre/lib/amd64/libnet.so
7f7ae8d5c000-7f7ae8d5d000 r--p 00016000 08:01 4459496                    /usr/lib/jvm/java-8-oracle/jre/lib/amd64/libnet.so
7f7ae8d5d000-7f7ae8d5e000 rw-p 00017000 08:01 4459496                    /usr/lib/jvm/java-8-oracle/jre/lib/amd64/libnet.so
7f7ae8d5e000-7f7ae8f5e000 rw-p 00000000 00:00 0 
7f7ae8f5e000-7f7ae8f61000 ---p 00000000 00:00 0 
7f7ae8f61000-7f7ae905f000 rw-p 00000000 00:00 0 
7f7ae905f000-7f7ae9062000 ---p 00000000 00:00 0 
7f7ae9062000-7f7ae9160000 rw-p 00000000 00:00 0 
7f7ae9160000-7f7ae9173000 r--s 00345000 08:01 4459317                    /usr/lib/jvm/java-8-oracle/jre/lib/resources.jar
7f7ae9173000-7f7ae9176000 ---p 00000000 00:00 0 
7f7ae9176000-7f7ae9274000 rw-p 00000000 00:00 0 
7f7ae9274000-7f7ae9277000 ---p 00000000 00:00 0 
7f7ae9277000-7f7ae9375000 rw-p 00000000 00:00 0 
7f7ae9375000-7f7ae9378000 ---p 00000000 00:00 0 
7f7ae9378000-7f7ae9476000 rw-p 00000000 00:00 0 
7f7ae9476000-7f7ae9479000 ---p 00000000 00:00 0 
7f7ae9479000-7f7ae9577000 rw-p 00000000 00:00 0 
7f7ae9577000-7f7ae957c000 r-xp 00000000 08:01 13377172                   /usr/lib/x86_64-linux-gnu/libXfixes.so.3.1.0
7f7ae957c000-7f7ae977b000 ---p 00005000 08:01 13377172                   /usr/lib/x86_64-linux-gnu/libXfixes.so.3.1.0
7f7ae977b000-7f7ae977c000 r--p 00004000 08:01 13377172                   /usr/lib/x86_64-linux-gnu/libXfixes.so.3.1.0
7f7ae977c000-7f7ae977d000 rw-p 00005000 08:01 13377172                   /usr/lib/x86_64-linux-gnu/libXfixes.so.3.1.0
7f7ae977d000-7f7ae9786000 r-xp 00000000 08:01 13377164                   /usr/lib/x86_64-linux-gnu/libXcursor.so.1.0.2
7f7ae9786000-7f7ae9985000 ---p 00009000 08:01 13377164                   /usr/lib/x86_64-linux-gnu/libXcursor.so.1.0.2
7f7ae9985000-7f7ae9986000 r--p 00008000 08:01 13377164                   /usr/lib/x86_64-linux-gnu/libXcursor.so.1.0.2
7f7ae9986000-7f7ae9987000 rw-p 00009000 08:01 13377164                   /usr/lib/x86_64-linux-gnu/libXcursor.so.1.0.2
7f7ae9987000-7f7ae998a000 ---p 00000000 00:00 0 
7f7ae998a000-7f7ae9a88000 rw-p 00000000 00:00 0 
7f7ae9a88000-7f7ae9a9f000 r-xp 00000000 08:01 6820612                    /lib/x86_64-linux-gnu/libgcc_s.so.1
7f7ae9a9f000-7f7ae9c9e000 ---p 00017000 08:01 6820612                    /lib/x86_64-linux-gnu/libgcc_s.so.1
7f7ae9c9e000-7f7ae9c9f000 r--p 00016000 08:01 6820612                    /lib/x86_64-linux-gnu/libgcc_s.so.1
7f7ae9c9f000-7f7ae9ca0000 rw-p 00017000 08:01 6820612                    /lib/x86_64-linux-gnu/libgcc_s.so.1
7f7ae9ca0000-7f7ae9cfd000 r-xp 00000000 08:01 4459476                    /usr/lib/jvm/java-8-oracle/jre/lib/amd64/libfontmanager.so
7f7ae9cfd000-7f7ae9efd000 ---p 0005d000 08:01 4459476                    /usr/lib/jvm/java-8-oracle/jre/lib/amd64/libfontmanager.so
7f7ae9efd000-7f7ae9f00000 r--p 0005d000 08:01 4459476                    /usr/lib/jvm/java-8-oracle/jre/lib/amd64/libfontmanager.so
7f7ae9f00000-7f7ae9f01000 rw-p 00060000 08:01 4459476                    /usr/lib/jvm/java-8-oracle/jre/lib/amd64/libfontmanager.so
7f7ae9f01000-7f7ae9f14000 r-xp 00000000 08:01 6820571                    /lib/x86_64-linux-gnu/libbsd.so.0.8.7
7f7ae9f14000-7f7aea113000 ---p 00013000 08:01 6820571                    /lib/x86_64-linux-gnu/libbsd.so.0.8.7
7f7aea113000-7f7aea114000 r--p 00012000 08:01 6820571                    /lib/x86_64-linux-gnu/libbsd.so.0.8.7
7f7aea114000-7f7aea115000 rw-p 00013000 08:01 6820571                    /lib/x86_64-linux-gnu/libbsd.so.0.8.7
7f7aea115000-7f7aea116000 rw-p 00000000 00:00 0 
7f7aea116000-7f7aea11b000 r-xp 00000000 08:01 13377168                   /usr/lib/x86_64-linux-gnu/libXdmcp.so.6.0.0
7f7aea11b000-7f7aea31a000 ---p 00005000 08:01 13377168                   /usr/lib/x86_64-linux-gnu/libXdmcp.so.6.0.0
7f7aea31a000-7f7aea31b000 r--p 00004000 08:01 13377168                   /usr/lib/x86_64-linux-gnu/libXdmcp.so.6.0.0
7f7aea31b000-7f7aea31c000 rw-p 00005000 08:01 13377168                   /usr/lib/x86_64-linux-gnu/libXdmcp.so.6.0.0
7f7aea31c000-7f7aea31e000 r-xp 00000000 08:01 13377157                   /usr/lib/x86_64-linux-gnu/libXau.so.6.0.0
7f7aea31e000-7f7aea51e000 ---p 00002000 08:01 13377157                   /usr/lib/x86_64-linux-gnu/libXau.so.6.0.0
7f7aea51e000-7f7aea51f000 r--p 00002000 08:01 13377157                   /usr/lib/x86_64-linux-gnu/libXau.so.6.0.0
7f7aea51f000-7f7aea520000 rw-p 00003000 08:01 13377157                   /usr/lib/x86_64-linux-gnu/libXau.so.6.0.0
7f7aea520000-7f7aea546000 r-xp 00000000 08:01 13369355                   /usr/lib/x86_64-linux-gnu/libxcb.so.1.1.0
7f7aea546000-7f7aea746000 ---p 00026000 08:01 13369355                   /usr/lib/x86_64-linux-gnu/libxcb.so.1.1.0
7f7aea746000-7f7aea747000 r--p 00026000 08:01 13369355                   /usr/lib/x86_64-linux-gnu/libxcb.so.1.1.0
7f7aea747000-7f7aea748000 rw-p 00027000 08:01 13369355                   /usr/lib/x86_64-linux-gnu/libxcb.so.1.1.0
7f7aea748000-7f7aea757000 r-xp 00000000 08:01 13377178                   /usr/lib/x86_64-linux-gnu/libXi.so.6.1.0
7f7aea757000-7f7aea956000 ---p 0000f000 08:01 13377178                   /usr/lib/x86_64-linux-gnu/libXi.so.6.1.0
7f7aea956000-7f7aea957000 r--p 0000e000 08:01 13377178                   /usr/lib/x86_64-linux-gnu/libXi.so.6.1.0
7f7aea957000-7f7aea958000 rw-p 0000f000 08:01 13377178                   /usr/lib/x86_64-linux-gnu/libXi.so.6.1.0
7f7aea958000-7f7aea95d000 r-xp 00000000 08:01 13377196                   /usr/lib/x86_64-linux-gnu/libXtst.so.6.1.0
7f7aea95d000-7f7aeab5c000 ---p 00005000 08:01 13377196                   /usr/lib/x86_64-linux-gnu/libXtst.so.6.1.0
7f7aeab5c000-7f7aeab5d000 r--p 00004000 08:01 13377196                   /usr/lib/x86_64-linux-gnu/libXtst.so.6.1.0
7f7aeab5d000-7f7aeab5e000 rw-p 00005000 08:01 13377196                   /usr/lib/x86_64-linux-gnu/libXtst.so.6.1.0
7f7aeab5e000-7f7aeab67000 r-xp 00000000 08:01 13377190                   /usr/lib/x86_64-linux-gnu/libXrender.so.1.3.0
7f7aeab67000-7f7aead66000 ---p 00009000 08:01 13377190                   /usr/lib/x86_64-linux-gnu/libXrender.so.1.3.0
7f7aead66000-7f7aead67000 r--p 00008000 08:01 13377190                   /usr/lib/x86_64-linux-gnu/libXrender.so.1.3.0
7f7aead67000-7f7aead68000 rw-p 00009000 08:01 13377190                   /usr/lib/x86_64-linux-gnu/libXrender.so.1.3.0
7f7aead68000-7f7aeae9b000 r-xp 00000000 08:01 13370551                   /usr/lib/x86_64-linux-gnu/libX11.so.6.3.0
7f7aeae9b000-7f7aeb09b000 ---p 00133000 08:01 13370551                   /usr/lib/x86_64-linux-gnu/libX11.so.6.3.0
7f7aeb09b000-7f7aeb09c000 r--p 00133000 08:01 13370551                   /usr/lib/x86_64-linux-gnu/libX11.so.6.3.0
7f7aeb09c000-7f7aeb0a0000 rw-p 00134000 08:01 13370551                   /usr/lib/x86_64-linux-gnu/libX11.so.6.3.0
7f7aeb0a0000-7f7aeb0b1000 r-xp 00000000 08:01 13377170                   /usr/lib/x86_64-linux-gnu/libXext.so.6.4.0
7f7aeb0b1000-7f7aeb2b0000 ---p 00011000 08:01 13377170                   /usr/lib/x86_64-linux-gnu/libXext.so.6.4.0
7f7aeb2b0000-7f7aeb2b1000 r--p 00010000 08:01 13377170                   /usr/lib/x86_64-linux-gnu/libXext.so.6.4.0
7f7aeb2b1000-7f7aeb2b2000 rw-p 00011000 08:01 13377170                   /usr/lib/x86_64-linux-gnu/libXext.so.6.4.0
7f7aeb2b2000-7f7aeb305000 r-xp 00000000 08:01 4459503                    /usr/lib/jvm/java-8-oracle/jre/lib/amd64/libawt_xawt.so
7f7aeb305000-7f7aeb504000 ---p 00053000 08:01 4459503                    /usr/lib/jvm/java-8-oracle/jre/lib/amd64/libawt_xawt.so
7f7aeb504000-7f7aeb505000 r--p 00052000 08:01 4459503                    /usr/lib/jvm/java-8-oracle/jre/lib/amd64/libawt_xawt.so
7f7aeb505000-7f7aeb508000 rw-p 00053000 08:01 4459503                    /usr/lib/jvm/java-8-oracle/jre/lib/amd64/libawt_xawt.so
7f7aeb508000-7f7aeb509000 rw-p 00000000 00:00 0 
7f7aeb509000-7f7aeb5a9000 r-xp 00000000 08:01 4459489                    /usr/lib/jvm/java-8-oracle/jre/lib/amd64/libawt.so
7f7aeb5a9000-7f7aeb7a8000 ---p 000a0000 08:01 4459489                    /usr/lib/jvm/java-8-oracle/jre/lib/amd64/libawt.so
7f7aeb7a8000-7f7aeb7a9000 r--p 0009f000 08:01 4459489                    /usr/lib/jvm/java-8-oracle/jre/lib/amd64/libawt.so
7f7aeb7a9000-7f7aeb7b4000 rw-p 000a0000 08:01 4459489                    /usr/lib/jvm/java-8-oracle/jre/lib/amd64/libawt.so
7f7aeb7b4000-7f7aeb7d9000 rw-p 00000000 00:00 0 
7f7aeb7d9000-7f7aeb7f8000 r--s 00266000 08:01 4459548                    /usr/share/bluej/bluejcore.jar
7f7aeb7f8000-7f7aeb7f9000 ---p 00000000 00:00 0 
7f7aeb7f9000-7f7aeb8f9000 rw-p 00000000 00:00 0 
7f7aeb8f9000-7f7aeb8fc000 ---p 00000000 00:00 0 
7f7aeb8fc000-7f7aeb9fa000 rw-p 00000000 00:00 0 
7f7aeb9fa000-7f7aeb9fb000 ---p 00000000 00:00 0 
7f7aeb9fb000-7f7aeb9fe000 ---p 00000000 00:00 0 
7f7aeb9fe000-7f7aebafb000 rw-p 00000000 00:00 0 
7f7aebafb000-7f7aebafc000 ---p 00000000 00:00 0 
7f7aebafc000-7f7aebaff000 ---p 00000000 00:00 0 
7f7aebaff000-7f7aebbfc000 rw-p 00000000 00:00 0 
7f7aebbfc000-7f7aebbfd000 ---p 00000000 00:00 0 
7f7aebbfd000-7f7aebc00000 ---p 00000000 00:00 0 
7f7aebc00000-7f7aebcfd000 rw-p 00000000 00:00 0 
7f7aebcfd000-7f7aebd00000 ---p 00000000 00:00 0 
7f7aebd00000-7f7aebdfe000 rw-p 00000000 00:00 0 
7f7aebdfe000-7f7aebe01000 ---p 00000000 00:00 0 
7f7aebe01000-7f7aebeff000 rw-p 00000000 00:00 0 
7f7aebeff000-7f7aebf02000 ---p 00000000 00:00 0 
7f7aebf02000-7f7aec000000 rw-p 00000000 00:00 0 
7f7aec000000-7f7aec021000 rw-p 00000000 00:00 0 
7f7aec021000-7f7af0000000 ---p 00000000 00:00 0 
7f7af0000000-7f7af0021000 rw-p 00000000 00:00 0 
7f7af0021000-7f7af4000000 ---p 00000000 00:00 0 
7f7af4000000-7f7af4021000 rw-p 00000000 00:00 0 
7f7af4021000-7f7af8000000 ---p 00000000 00:00 0 
7f7af8005000-7f7af8009000 r-xp 00000000 08:01 4459459                    /usr/lib/jvm/java-8-oracle/jre/lib/amd64/libdt_socket.so
7f7af8009000-7f7af8208000 ---p 00004000 08:01 4459459                    /usr/lib/jvm/java-8-oracle/jre/lib/amd64/libdt_socket.so
7f7af8208000-7f7af8209000 r--p 00003000 08:01 4459459                    /usr/lib/jvm/java-8-oracle/jre/lib/amd64/libdt_socket.so
7f7af8209000-7f7af820a000 rw-p 00004000 08:01 4459459                    /usr/lib/jvm/java-8-oracle/jre/lib/amd64/libdt_socket.so
7f7af820a000-7f7af820d000 ---p 00000000 00:00 0 
7f7af820d000-7f7af830b000 rw-p 00000000 00:00 0 
7f7af830b000-7f7af830e000 ---p 00000000 00:00 0 
7f7af830e000-7f7af840c000 rw-p 00000000 00:00 0 
7f7af840c000-7f7af840f000 ---p 00000000 00:00 0 
7f7af840f000-7f7af850d000 rw-p 00000000 00:00 0 
7f7af850d000-7f7af850e000 ---p 00000000 00:00 0 
7f7af850e000-7f7af95ae000 rw-p 00000000 00:00 0 
7f7af95ae000-7f7af9788000 r--s 03d6f000 08:01 4459279                    /usr/lib/jvm/java-8-oracle/jre/lib/rt.jar
7f7af9788000-7f7afc000000 rw-p 00000000 00:00 0 
7f7afc000000-7f7afc021000 rw-p 00000000 00:00 0 
7f7afc021000-7f7b00000000 ---p 00000000 00:00 0 
7f7b00000000-7f7b00021000 rw-p 00000000 00:00 0 
7f7b00021000-7f7b04000000 ---p 00000000 00:00 0 
7f7b04000000-7f7b04021000 rw-p 00000000 00:00 0 
7f7b04021000-7f7b08000000 ---p 00000000 00:00 0 
7f7b08000000-7f7b08021000 rw-p 00000000 00:00 0 
7f7b08021000-7f7b0c000000 ---p 00000000 00:00 0 
7f7b0c011000-7f7b0c012000 ---p 00000000 00:00 0 
7f7b0c012000-7f7b0c112000 rw-p 00000000 00:00 0 
7f7b0c112000-7f7b0c113000 ---p 00000000 00:00 0 
7f7b0c113000-7f7b0c213000 rw-p 00000000 00:00 0 
7f7b0c213000-7f7b0c214000 ---p 00000000 00:00 0 
7f7b0c214000-7f7b0c314000 rw-p 00000000 00:00 0 
7f7b0c314000-7f7b0c315000 ---p 00000000 00:00 0 
7f7b0c315000-7f7b0c42a000 rw-p 00000000 00:00 0 
7f7b0c42a000-7f7b0c556000 ---p 00000000 00:00 0 
7f7b0c556000-7f7b0c561000 rw-p 00000000 00:00 0 
7f7b0c561000-7f7b0c5f7000 ---p 00000000 00:00 0 
7f7b0c5f7000-7f7b0c60a000 rw-p 00000000 00:00 0 
7f7b0c60a000-7f7b0c9b8000 ---p 00000000 00:00 0 
7f7b0c9b8000-7f7b0ce28000 rwxp 00000000 00:00 0 
7f7b0ce28000-7f7b1b9b8000 ---p 00000000 00:00 0 
7f7b1b9b8000-7f7b1b9d3000 r-xp 00000000 08:01 4459492                    /usr/lib/jvm/java-8-oracle/jre/lib/amd64/libzip.so
7f7b1b9d3000-7f7b1bbd2000 ---p 0001b000 08:01 4459492                    /usr/lib/jvm/java-8-oracle/jre/lib/amd64/libzip.so
7f7b1bbd2000-7f7b1bbd3000 r--p 0001a000 08:01 4459492                    /usr/lib/jvm/java-8-oracle/jre/lib/amd64/libzip.so
7f7b1bbd3000-7f7b1bbd4000 rw-p 0001b000 08:01 4459492                    /usr/lib/jvm/java-8-oracle/jre/lib/amd64/libzip.so
7f7b1bbd4000-7f7b1bbdf000 r-xp 00000000 08:01 6820665                    /lib/x86_64-linux-gnu/libnss_files-2.27.so
7f7b1bbdf000-7f7b1bdde000 ---p 0000b000 08:01 6820665                    /lib/x86_64-linux-gnu/libnss_files-2.27.so
7f7b1bdde000-7f7b1bddf000 r--p 0000a000 08:01 6820665                    /lib/x86_64-linux-gnu/libnss_files-2.27.so
7f7b1bddf000-7f7b1bde0000 rw-p 0000b000 08:01 6820665                    /lib/x86_64-linux-gnu/libnss_files-2.27.so
7f7b1bde0000-7f7b1bde6000 rw-p 00000000 00:00 0 
7f7b1bde6000-7f7b1bdfd000 r-xp 00000000 08:01 6820659                    /lib/x86_64-linux-gnu/libnsl-2.27.so
7f7b1bdfd000-7f7b1bffc000 ---p 00017000 08:01 6820659                    /lib/x86_64-linux-gnu/libnsl-2.27.so
7f7b1bffc000-7f7b1bffd000 r--p 00016000 08:01 6820659                    /lib/x86_64-linux-gnu/libnsl-2.27.so
7f7b1bffd000-7f7b1bffe000 rw-p 00017000 08:01 6820659                    /lib/x86_64-linux-gnu/libnsl-2.27.so
7f7b1bffe000-7f7b1c000000 rw-p 00000000 00:00 0 
7f7b1c000000-7f7b1c259000 rw-p 00000000 00:00 0 
7f7b1c259000-7f7b20000000 ---p 00000000 00:00 0 
7f7b20012000-7f7b20019000 r--s 0007d000 08:01 4459566                    /usr/share/bluej/userlib/pi4j-core.jar
7f7b20019000-7f7b2004f000 rw-p 00000000 00:00 0 
7f7b2004f000-7f7b2017c000 ---p 00000000 00:00 0 
7f7b2017c000-7f7b20187000 r-xp 00000000 08:01 6820676                    /lib/x86_64-linux-gnu/libnss_nis-2.27.so
7f7b20187000-7f7b20386000 ---p 0000b000 08:01 6820676                    /lib/x86_64-linux-gnu/libnss_nis-2.27.so
7f7b20386000-7f7b20387000 r--p 0000a000 08:01 6820676                    /lib/x86_64-linux-gnu/libnss_nis-2.27.so
7f7b20387000-7f7b20388000 rw-p 0000b000 08:01 6820676                    /lib/x86_64-linux-gnu/libnss_nis-2.27.so
7f7b20388000-7f7b20390000 r-xp 00000000 08:01 6820661                    /lib/x86_64-linux-gnu/libnss_compat-2.27.so
7f7b20390000-7f7b20590000 ---p 00008000 08:01 6820661                    /lib/x86_64-linux-gnu/libnss_compat-2.27.so
7f7b20590000-7f7b20591000 r--p 00008000 08:01 6820661                    /lib/x86_64-linux-gnu/libnss_compat-2.27.so
7f7b20591000-7f7b20592000 rw-p 00009000 08:01 6820661                    /lib/x86_64-linux-gnu/libnss_compat-2.27.so
7f7b20592000-7f7b210e2000 r--p 00000000 08:01 13376124                   /usr/lib/locale/locale-archive
7f7b210e2000-7f7b210e4000 r-xp 00000000 08:01 4459461                    /usr/lib/jvm/java-8-oracle/jre/lib/amd64/libnpt.so
7f7b210e4000-7f7b212e4000 ---p 00002000 08:01 4459461                    /usr/lib/jvm/java-8-oracle/jre/lib/amd64/libnpt.so
7f7b212e4000-7f7b212e5000 r--p 00002000 08:01 4459461                    /usr/lib/jvm/java-8-oracle/jre/lib/amd64/libnpt.so
7f7b212e5000-7f7b212e6000 rw-p 00003000 08:01 4459461                    /usr/lib/jvm/java-8-oracle/jre/lib/amd64/libnpt.so
7f7b212e6000-7f7b21320000 r-xp 00000000 08:01 4459479                    /usr/lib/jvm/java-8-oracle/jre/lib/amd64/libjdwp.so
7f7b21320000-7f7b2151f000 ---p 0003a000 08:01 4459479                    /usr/lib/jvm/java-8-oracle/jre/lib/amd64/libjdwp.so
7f7b2151f000-7f7b21520000 r--p 00039000 08:01 4459479                    /usr/lib/jvm/java-8-oracle/jre/lib/amd64/libjdwp.so
7f7b21520000-7f7b21521000 rw-p 0003a000 08:01 4459479                    /usr/lib/jvm/java-8-oracle/jre/lib/amd64/libjdwp.so
7f7b21521000-7f7b2154d000 r-xp 00000000 08:01 4459486                    /usr/lib/jvm/java-8-oracle/jre/lib/amd64/libjava.so
7f7b2154d000-7f7b2174d000 ---p 0002c000 08:01 4459486                    /usr/lib/jvm/java-8-oracle/jre/lib/amd64/libjava.so
7f7b2174d000-7f7b2174e000 r--p 0002c000 08:01 4459486                    /usr/lib/jvm/java-8-oracle/jre/lib/amd64/libjava.so
7f7b2174e000-7f7b21750000 rw-p 0002d000 08:01 4459486                    /usr/lib/jvm/java-8-oracle/jre/lib/amd64/libjava.so
7f7b21750000-7f7b2175d000 r-xp 00000000 08:01 4459491                    /usr/lib/jvm/java-8-oracle/jre/lib/amd64/libverify.so
7f7b2175d000-7f7b2195c000 ---p 0000d000 08:01 4459491                    /usr/lib/jvm/java-8-oracle/jre/lib/amd64/libverify.so
7f7b2195c000-7f7b2195e000 r--p 0000c000 08:01 4459491                    /usr/lib/jvm/java-8-oracle/jre/lib/amd64/libverify.so
7f7b2195e000-7f7b2195f000 rw-p 0000e000 08:01 4459491                    /usr/lib/jvm/java-8-oracle/jre/lib/amd64/libverify.so
7f7b2195f000-7f7b21966000 r-xp 00000000 08:01 6820716                    /lib/x86_64-linux-gnu/librt-2.27.so
7f7b21966000-7f7b21b65000 ---p 00007000 08:01 6820716                    /lib/x86_64-linux-gnu/librt-2.27.so
7f7b21b65000-7f7b21b66000 r--p 00006000 08:01 6820716                    /lib/x86_64-linux-gnu/librt-2.27.so
7f7b21b66000-7f7b21b67000 rw-p 00007000 08:01 6820716                    /lib/x86_64-linux-gnu/librt-2.27.so
7f7b21b67000-7f7b21d04000 r-xp 00000000 08:01 6820638                    /lib/x86_64-linux-gnu/libm-2.27.so
7f7b21d04000-7f7b21f03000 ---p 0019d000 08:01 6820638                    /lib/x86_64-linux-gnu/libm-2.27.so
7f7b21f03000-7f7b21f04000 r--p 0019c000 08:01 6820638                    /lib/x86_64-linux-gnu/libm-2.27.so
7f7b21f04000-7f7b21f05000 rw-p 0019d000 08:01 6820638                    /lib/x86_64-linux-gnu/libm-2.27.so
7f7b21f05000-7f7b22bed000 r-xp 00000000 08:01 4459468                    /usr/lib/jvm/java-8-oracle/jre/lib/amd64/server/libjvm.so
7f7b22bed000-7f7b22dec000 ---p 00ce8000 08:01 4459468                    /usr/lib/jvm/java-8-oracle/jre/lib/amd64/server/libjvm.so
7f7b22dec000-7f7b22e82000 r--p 00ce7000 08:01 4459468                    /usr/lib/jvm/java-8-oracle/jre/lib/amd64/server/libjvm.so
7f7b22e82000-7f7b22eb3000 rw-p 00d7d000 08:01 4459468                    /usr/lib/jvm/java-8-oracle/jre/lib/amd64/server/libjvm.so
7f7b22eb3000-7f7b22eee000 rw-p 00000000 00:00 0 
7f7b22eee000-7f7b230d5000 r-xp 00000000 08:01 6820575                    /lib/x86_64-linux-gnu/libc-2.27.so
7f7b230d5000-7f7b232d5000 ---p 001e7000 08:01 6820575                    /lib/x86_64-linux-gnu/libc-2.27.so
7f7b232d5000-7f7b232d9000 r--p 001e7000 08:01 6820575                    /lib/x86_64-linux-gnu/libc-2.27.so
7f7b232d9000-7f7b232db000 rw-p 001eb000 08:01 6820575                    /lib/x86_64-linux-gnu/libc-2.27.so
7f7b232db000-7f7b232df000 rw-p 00000000 00:00 0 
7f7b232df000-7f7b232e2000 r-xp 00000000 08:01 6820598                    /lib/x86_64-linux-gnu/libdl-2.27.so
7f7b232e2000-7f7b234e1000 ---p 00003000 08:01 6820598                    /lib/x86_64-linux-gnu/libdl-2.27.so
7f7b234e1000-7f7b234e2000 r--p 00002000 08:01 6820598                    /lib/x86_64-linux-gnu/libdl-2.27.so
7f7b234e2000-7f7b234e3000 rw-p 00003000 08:01 6820598                    /lib/x86_64-linux-gnu/libdl-2.27.so
7f7b234e3000-7f7b234fa000 r-xp 00000000 08:01 4459463                    /usr/lib/jvm/java-8-oracle/jre/lib/amd64/jli/libjli.so
7f7b234fa000-7f7b236f9000 ---p 00017000 08:01 4459463                    /usr/lib/jvm/java-8-oracle/jre/lib/amd64/jli/libjli.so
7f7b236f9000-7f7b236fa000 r--p 00016000 08:01 4459463                    /usr/lib/jvm/java-8-oracle/jre/lib/amd64/jli/libjli.so
7f7b236fa000-7f7b236fb000 rw-p 00017000 08:01 4459463                    /usr/lib/jvm/java-8-oracle/jre/lib/amd64/jli/libjli.so
7f7b236fb000-7f7b23715000 r-xp 00000000 08:01 6820708                    /lib/x86_64-linux-gnu/libpthread-2.27.so
7f7b23715000-7f7b23914000 ---p 0001a000 08:01 6820708                    /lib/x86_64-linux-gnu/libpthread-2.27.so
7f7b23914000-7f7b23915000 r--p 00019000 08:01 6820708                    /lib/x86_64-linux-gnu/libpthread-2.27.so
7f7b23915000-7f7b23916000 rw-p 0001a000 08:01 6820708                    /lib/x86_64-linux-gnu/libpthread-2.27.so
7f7b23916000-7f7b2391a000 rw-p 00000000 00:00 0 
7f7b2391a000-7f7b23941000 r-xp 00000000 08:01 6820547                    /lib/x86_64-linux-gnu/ld-2.27.so
7f7b23943000-7f7b23944000 r--s 00004000 08:01 4459568                    /usr/share/bluej/userlib/pi4j-service.jar
7f7b23944000-7f7b2394b000 r--s 00031000 08:01 4459565                    /usr/share/bluej/userlib/pi4j-device.jar
7f7b2394b000-7f7b2394d000 r--s 00009000 08:01 4459570                    /usr/share/bluej/userlib/courserajava.jar
7f7b2394d000-7f7b23a25000 rw-p 00000000 00:00 0 
7f7b23a25000-7f7b23a26000 ---p 00000000 00:00 0 
7f7b23a26000-7f7b23a29000 ---p 00000000 00:00 0 
7f7b23a29000-7f7b23b2a000 rw-p 00000000 00:00 0 
7f7b23b2a000-7f7b23b2d000 r--s 00015000 08:01 4459571                    /usr/share/bluej/userlib/pi4j-gpio-extension.jar
7f7b23b2d000-7f7b23b2e000 r--s 0000f000 08:01 4459569                    /usr/share/bluej/userlib/apache-csv.jar
7f7b23b2e000-7f7b23b2f000 r--s 00000000 08:01 4459696                    /usr/share/bluej/lang-stride.jar
7f7b23b2f000-7f7b23b31000 r--s 00009000 08:01 4459759                    /usr/share/bluej/hamcrest-core-1.3.jar
7f7b23b31000-7f7b23b37000 r--s 00036000 08:01 4459757                    /usr/share/bluej/junit-4.11.jar
7f7b23b37000-7f7b23b3f000 rw-s 00000000 08:01 4456500                    /tmp/hsperfdata_nghia/6932
7f7b23b3f000-7f7b23b40000 rw-p 00000000 00:00 0 
7f7b23b40000-7f7b23b41000 r--p 00000000 00:00 0 
7f7b23b41000-7f7b23b42000 r--p 00027000 08:01 6820547                    /lib/x86_64-linux-gnu/ld-2.27.so
7f7b23b42000-7f7b23b43000 rw-p 00028000 08:01 6820547                    /lib/x86_64-linux-gnu/ld-2.27.so
7f7b23b43000-7f7b23b44000 rw-p 00000000 00:00 0 
7fffe9f01000-7fffe9f22000 rw-p 00000000 00:00 0                          [stack]
7fffe9fe8000-7fffe9feb000 r--p 00000000 00:00 0                          [vvar]
7fffe9feb000-7fffe9fed000 r-xp 00000000 00:00 0                          [vdso]
ffffffffff600000-ffffffffff601000 r-xp 00000000 00:00 0                  [vsyscall]

VM Arguments:
jvm_args: -ea -agentlib:jdwp=transport=dt_socket,address=127.0.0.1:44617 -Dfile.encoding=UTF-8 
java_command: bluej.runtime.ExecServer UTF-8
java_class_path (initial): /usr/share/bluej/bluejcore.jar:/usr/share/bluej/junit-4.11.jar:/usr/share/bluej/hamcrest-core-1.3.jar:/usr/share/bluej/lang-stride.jar:/usr/share/bluej/userlib/apache-csv.jar:/usr/share/bluej/userlib/pi4j-gpio-extension.jar:/usr/share/bluej/userlib/courserajava.jar:/usr/share/bluej/userlib/pi4j-device.jar:/usr/share/bluej/userlib/pi4j-core.jar:/usr/share/bluej/userlib/pi4j-service.jar
Launcher Type: SUN_STANDARD

Environment Variables:
JAVA_HOME=/usr/lib/jvm/java-11-openjdk-amd64
PATH=/usr/local/sbin:/usr/local/bin:/usr/sbin:/usr/bin:/sbin:/bin:/usr/games:/usr/local/games:/snap/bin
USERNAME=nghia
SHELL=/bin/bash
DISPLAY=:0

Signal Handlers:
SIGSEGV: [libjvm.so+0xad3e60], sa_mask[0]=11111111011111111101111111111110, sa_flags=SA_RESTART|SA_SIGINFO
SIGBUS: [libjvm.so+0xad3e60], sa_mask[0]=11111111011111111101111111111110, sa_flags=SA_RESTART|SA_SIGINFO
SIGFPE: [libjvm.so+0x90b880], sa_mask[0]=11111111011111111101111111111110, sa_flags=SA_RESTART|SA_SIGINFO
SIGPIPE: [libjvm.so+0x90b880], sa_mask[0]=11111111011111111101111111111110, sa_flags=SA_RESTART|SA_SIGINFO
SIGXFSZ: [libjvm.so+0x90b880], sa_mask[0]=11111111011111111101111111111110, sa_flags=SA_RESTART|SA_SIGINFO
SIGILL: [libjvm.so+0x90b880], sa_mask[0]=11111111011111111101111111111110, sa_flags=SA_RESTART|SA_SIGINFO
SIGUSR1: SIG_DFL, sa_mask[0]=00000000000000000000000000000000, sa_flags=none
SIGUSR2: [libjvm.so+0x90b750], sa_mask[0]=00100000000000000000000000000000, sa_flags=SA_RESTART|SA_SIGINFO
SIGHUP: [libjvm.so+0x90bd70], sa_mask[0]=11111111011111111101111111111110, sa_flags=SA_RESTART|SA_SIGINFO
SIGINT: [libjvm.so+0x90bd70], sa_mask[0]=11111111011111111101111111111110, sa_flags=SA_RESTART|SA_SIGINFO
SIGTERM: [libjvm.so+0x90bd70], sa_mask[0]=11111111011111111101111111111110, sa_flags=SA_RESTART|SA_SIGINFO
SIGQUIT: [libjvm.so+0x90bd70], sa_mask[0]=11111111011111111101111111111110, sa_flags=SA_RESTART|SA_SIGINFO


---------------  S Y S T E M  ---------------

OS:DISTRIB_ID=Ubuntu
DISTRIB_RELEASE=18.04
DISTRIB_CODENAME=bionic
DISTRIB_DESCRIPTION="Ubuntu 18.04.2 LTS"

uname:Linux 4.18.0-17-generic #18~18.04.1-Ubuntu SMP Fri Mar 15 15:27:12 UTC 2019 x86_64
libc:glibc 2.27 NPTL 2.27 
rlimit: STACK 8192k, CORE 0k, NPROC 15246, NOFILE 1048576, AS infinity
load average:0,04 0,19 0,27

/proc/meminfo:
MemTotal:        3947332 kB
MemFree:          846320 kB
MemAvailable:    1376752 kB
Buffers:           25116 kB
Cached:          1096468 kB
SwapCached:         4464 kB
Active:          2034492 kB
Inactive:         827780 kB
Active(anon):    1585704 kB
Inactive(anon):   568240 kB
Active(file):     448788 kB
Inactive(file):   259540 kB
Unevictable:          64 kB
Mlocked:              64 kB
SwapTotal:       2097148 kB
SwapFree:        1994236 kB
Dirty:               840 kB
Writeback:             0 kB
AnonPages:       1732052 kB
Mapped:           450376 kB
Shmem:            413088 kB
Slab:             113100 kB
SReclaimable:      53324 kB
SUnreclaim:        59776 kB
KernelStack:       10420 kB
PageTables:        44816 kB
NFS_Unstable:          0 kB
Bounce:                0 kB
WritebackTmp:          0 kB
CommitLimit:     4070812 kB
Committed_AS:    7274288 kB
VmallocTotal:   34359738367 kB
VmallocUsed:           0 kB
VmallocChunk:          0 kB
HardwareCorrupted:     0 kB
AnonHugePages:         0 kB
ShmemHugePages:        0 kB
ShmemPmdMapped:        0 kB
CmaTotal:              0 kB
CmaFree:               0 kB
HugePages_Total:       0
HugePages_Free:        0
HugePages_Rsvd:        0
HugePages_Surp:        0
Hugepagesize:       2048 kB
Hugetlb:               0 kB
DirectMap4k:      217732 kB
DirectMap2M:     3887104 kB

container (cgroup) information:
container_type: cgroupv1
cpu_cpuset_cpus: 0-3
cpu_memory_nodes: 0
active_processor_count: 4
cpu_quota: -1
cpu_period: 100000
cpu_shares: -1
memory_limit_in_bytes: -1
memory_and_swap_limit_in_bytes: -2
memory_soft_limit_in_bytes: -1
memory_usage_in_bytes: 2924396544
memory_max_usage_in_bytes: 0


CPU:total 4 (initial active 4) (2 cores per cpu, 2 threads per core) family 6 model 42 stepping 7, cmov, cx8, fxsr, mmx, sse, sse2, sse3, ssse3, sse4.1, sse4.2, popcnt, avx, clmul, ht, tsc, tscinvbit

/proc/cpuinfo:
processor	: 0
vendor_id	: GenuineIntel
cpu family	: 6
model		: 42
model name	: Intel(R) Core(TM) i3-2310M CPU @ 2.10GHz
stepping	: 7
microcode	: 0x2e
cpu MHz		: 2095.392
cache size	: 3072 KB
physical id	: 0
siblings	: 4
core id		: 0
cpu cores	: 2
apicid		: 0
initial apicid	: 0
fpu		: yes
fpu_exception	: yes
cpuid level	: 13
wp		: yes
flags		: fpu vme de pse tsc msr pae mce cx8 apic sep mtrr pge mca cmov pat pse36 clflush dts acpi mmx fxsr sse sse2 ss ht tm pbe syscall nx rdtscp lm constant_tsc arch_perfmon pebs bts rep_good nopl xtopology nonstop_tsc cpuid aperfmperf pni pclmulqdq dtes64 monitor ds_cpl vmx est tm2 ssse3 cx16 xtpr pdcm pcid sse4_1 sse4_2 x2apic popcnt tsc_deadline_timer xsave avx lahf_lm epb pti ssbd ibrs ibpb stibp tpr_shadow vnmi flexpriority ept vpid xsaveopt dtherm arat pln pts flush_l1d
bugs		: cpu_meltdown spectre_v1 spectre_v2 spec_store_bypass l1tf
bogomips	: 4190.81
clflush size	: 64
cache_alignment	: 64
address sizes	: 36 bits physical, 48 bits virtual
power management:

processor	: 1
vendor_id	: GenuineIntel
cpu family	: 6
model		: 42
model name	: Intel(R) Core(TM) i3-2310M CPU @ 2.10GHz
stepping	: 7
microcode	: 0x2e
cpu MHz		: 2095.407
cache size	: 3072 KB
physical id	: 0
siblings	: 4
core id		: 1
cpu cores	: 2
apicid		: 2
initial apicid	: 2
fpu		: yes
fpu_exception	: yes
cpuid level	: 13
wp		: yes
flags		: fpu vme de pse tsc msr pae mce cx8 apic sep mtrr pge mca cmov pat pse36 clflush dts acpi mmx fxsr sse sse2 ss ht tm pbe syscall nx rdtscp lm constant_tsc arch_perfmon pebs bts rep_good nopl xtopology nonstop_tsc cpuid aperfmperf pni pclmulqdq dtes64 monitor ds_cpl vmx est tm2 ssse3 cx16 xtpr pdcm pcid sse4_1 sse4_2 x2apic popcnt tsc_deadline_timer xsave avx lahf_lm epb pti ssbd ibrs ibpb stibp tpr_shadow vnmi flexpriority ept vpid xsaveopt dtherm arat pln pts flush_l1d
bugs		: cpu_meltdown spectre_v1 spectre_v2 spec_store_bypass l1tf
bogomips	: 4190.81
clflush size	: 64
cache_alignment	: 64
address sizes	: 36 bits physical, 48 bits virtual
power management:

processor	: 2
vendor_id	: GenuineIntel
cpu family	: 6
model		: 42
model name	: Intel(R) Core(TM) i3-2310M CPU @ 2.10GHz
stepping	: 7
microcode	: 0x2e
cpu MHz		: 2095.407
cache size	: 3072 KB
physical id	: 0
siblings	: 4
core id		: 0
cpu cores	: 2
apicid		: 1
initial apicid	: 1
fpu		: yes
fpu_exception	: yes
cpuid level	: 13
wp		: yes
flags		: fpu vme de pse tsc msr pae mce cx8 apic sep mtrr pge mca cmov pat pse36 clflush dts acpi mmx fxsr sse sse2 ss ht tm pbe syscall nx rdtscp lm constant_tsc arch_perfmon pebs bts rep_good nopl xtopology nonstop_tsc cpuid aperfmperf pni pclmulqdq dtes64 monitor ds_cpl vmx est tm2 ssse3 cx16 xtpr pdcm pcid sse4_1 sse4_2 x2apic popcnt tsc_deadline_timer xsave avx lahf_lm epb pti ssbd ibrs ibpb stibp tpr_shadow vnmi flexpriority ept vpid xsaveopt dtherm arat pln pts flush_l1d
bugs		: cpu_meltdown spectre_v1 spectre_v2 spec_store_bypass l1tf
bogomips	: 4190.81
clflush size	: 64
cache_alignment	: 64
address sizes	: 36 bits physical, 48 bits virtual
power management:

processor	: 3
vendor_id	: GenuineIntel
cpu family	: 6
model		: 42
model name	: Intel(R) Core(TM) i3-2310M CPU @ 2.10GHz
stepping	: 7
microcode	: 0x2e
cpu MHz		: 2095.405
cache size	: 3072 KB
physical id	: 0
siblings	: 4
core id		: 1
cpu cores	: 2
apicid		: 3
initial apicid	: 3
fpu		: yes
fpu_exception	: yes
cpuid level	: 13
wp		: yes
flags		: fpu vme de pse tsc msr pae mce cx8 apic sep mtrr pge mca cmov pat pse36 clflush dts acpi mmx fxsr sse sse2 ss ht tm pbe syscall nx rdtscp lm constant_tsc arch_perfmon pebs bts rep_good nopl xtopology nonstop_tsc cpuid aperfmperf pni pclmulqdq dtes64 monitor ds_cpl vmx est tm2 ssse3 cx16 xtpr pdcm pcid sse4_1 sse4_2 x2apic popcnt tsc_deadline_timer xsave avx lahf_lm epb pti ssbd ibrs ibpb stibp tpr_shadow vnmi flexpriority ept vpid xsaveopt dtherm arat pln pts flush_l1d
bugs		: cpu_meltdown spectre_v1 spectre_v2 spec_store_bypass l1tf
bogomips	: 4190.81
clflush size	: 64
cache_alignment	: 64
address sizes	: 36 bits physical, 48 bits virtual
power management:



Memory: 4k page, physical 3947332k(971272k free), swap 2097148k(1994236k free)

vm_info: Java HotSpot(TM) 64-Bit Server VM (25.201-b09) for linux-amd64 JRE (1.8.0_201-b09), built on Dec 15 2018 11:35:59 by "java_re" with gcc 7.3.0

time: Mon Apr  8 16:07:56 2019
timezone: +07
elapsed time: 1833 seconds (0d 0h 30m 33s)

